Copyright 1986-2020 Xilinx, Inc. All Rights Reserved.
------------------------------------------------------------------------------------
| Tool Version : Vivado v.2020.2 (win64) Build 3064766 Wed Nov 18 09:12:45 MST 2020
| Date         : Fri Dec  6 14:57:02 2024
| Host         : Sam-laptop running 64-bit major release  (build 9200)
| Command      : report_control_sets -verbose -file main_control_sets_placed.rpt
| Design       : main
| Device       : xc7a35t
------------------------------------------------------------------------------------

Control Set Information

Table of Contents
-----------------
1. Summary
2. Histogram
3. Flip-Flop Distribution
4. Detailed Control Set Information

1. Summary
----------

+----------------------------------------------------------+-------+
|                          Status                          | Count |
+----------------------------------------------------------+-------+
| Total control sets                                       |     8 |
|    Minimum number of control sets                        |     8 |
|    Addition due to synthesis replication                 |     0 |
|    Addition due to physical synthesis replication        |     0 |
| Unused register locations in slices containing registers |    24 |
+----------------------------------------------------------+-------+
* Control sets can be merged at opt_design using control_set_merge or merge_equivalent_drivers
** Run report_qor_suggestions for automated merging and remapping suggestions


2. Histogram
------------

+--------------------+-------+
|       Fanout       | Count |
+--------------------+-------+
| Total control sets |     8 |
| >= 0 to < 4        |     0 |
| >= 4 to < 6        |     1 |
| >= 6 to < 8        |     0 |
| >= 8 to < 10       |     2 |
| >= 10 to < 12      |     2 |
| >= 12 to < 14      |     0 |
| >= 14 to < 16      |     0 |
| >= 16              |     3 |
+--------------------+-------+
* Control sets can be remapped at either synth_design or opt_design


3. Flip-Flop Distribution
-------------------------

+--------------+-----------------------+------------------------+-----------------+--------------+
| Clock Enable | Synchronous Set/Reset | Asynchronous Set/Reset | Total Registers | Total Slices |
+--------------+-----------------------+------------------------+-----------------+--------------+
| No           | No                    | No                     |               0 |            0 |
| No           | No                    | Yes                    |             106 |           44 |
| No           | Yes                   | No                     |               0 |            0 |
| Yes          | No                    | No                     |               0 |            0 |
| Yes          | No                    | Yes                    |             150 |           54 |
| Yes          | Yes                   | No                     |               0 |            0 |
+--------------+-----------------------+------------------------+-----------------+--------------+


4. Detailed Control Set Information
-----------------------------------

+--------------------------+-----------------------------------------------+------------------+------------------+----------------+--------------+
|       Clock Signal       |                 Enable Signal                 | Set/Reset Signal | Slice Load Count | Bel Load Count | Bels / Slice |
+--------------------------+-----------------------------------------------+------------------+------------------+----------------+--------------+
|  clk_IBUF_BUFG           | vga/r_25MHz_reg[1]_0[0]                       | reset_IBUF       |                3 |              4 |         1.33 |
|  clk_IBUF_BUFG           | vga/E[0]                                      | reset_IBUF       |                2 |              8 |         4.00 |
|  clk_IBUF_BUFG           | vga/lfsr                                      | reset_IBUF       |                2 |              8 |         4.00 |
|  vga/r_25MHz_reg[1]_0[0] |                                               | reset_IBUF       |                8 |             10 |         1.25 |
|  vga/r_25MHz_reg[1]_0[0] | vga/v_count_next_1                            | reset_IBUF       |                4 |             10 |         2.50 |
|  clk_IBUF_BUFG           | tetris_inst/N_refreshes                       | reset_IBUF       |               19 |             60 |         3.16 |
|  clk_IBUF_BUFG           | tetris_inst/current_board_next[14][5]_i_1_n_0 | reset_IBUF       |               24 |             60 |         2.50 |
|  clk_IBUF_BUFG           |                                               | reset_IBUF       |               36 |             96 |         2.67 |
+--------------------------+-----------------------------------------------+------------------+------------------+----------------+--------------+


